
4/18/2016, 8:25:36 PM

Operating System
  Name                        = Mac OS X
  Version                     = 10.10.5
  Architecture                = 64bit
  # CPUs                      = 2
  Memory                      = 4294967296

Node.js
  Node.js Version             = 0.12.7
  npm Version                 = 2.11.3

Titanium CLI
  CLI Version                 = 5.0.6

Titanium SDK
  SDK Version                 = 5.2.0.GA
  SDK Path                    = /Users/jia/Library/Application Support/Titanium/mobilesdk/osx/5.2.0.GA
  Target Platform             = iphone

Command
  /usr/local/bin/node /Users/jia/.appcelerator/install/5.2.0/package/node_modules/titanium/lib/titanium.js build run --platform ios --log-level trace --sdk 5.2.0.GA --project-dir /Users/jia/Documents/Appcelerator_Studio_Workspace/FGRapp1 --target simulator --ios-version 8.4 --device-family iphone --deploy-type development --sim-type ipad --sim-version 8.4 --device-id F489039B-8EE7-4F1F-A130-642E6AE1851B --debug-host localhost:56176 --skip-js-minify --no-colors --no-progress-bars --no-prompt --prompt-type socket-bundle --prompt-port 49179 --config-file /var/folders/85/rj0yf4g145g8qzpp_9mgwkwr0000gq/T/build-1461036313098.json --no-banner --project-dir /Users/jia/Documents/Appcelerator_Studio_Workspace/FGRapp1

[TRACE]  [ioslib] Validating iOS Simulator UDID F489039B-8EE7-4F1F-A130-642E6AE1851B
[TRACE]  [ioslib] Found iOS Simulator UDID F489039B-8EE7-4F1F-A130-642E6AE1851B
[TRACE]  [ioslib] Selected iOS Simulator: iPad 2
[TRACE]  [ioslib]   UDID    = F489039B-8EE7-4F1F-A130-642E6AE1851B
[TRACE]  [ioslib]   iOS     = 8.4
[TRACE]  [ioslib] Autoselected Xcode: 6.4
[DEBUG]  Detecting modules in /Users/jia/Library/Application Support/Titanium/modules
[DEBUG]  Detected android module: facebook 5.0.0 @ /Users/jia/Library/Application Support/Titanium/modules/android/facebook/5.0.0
[DEBUG]  Detected android module: ti.cloudpush 3.4.1 @ /Users/jia/Library/Application Support/Titanium/modules/android/ti.cloudpush/3.4.1
[DEBUG]  Detected android module: ti.map 2.3.6 @ /Users/jia/Library/Application Support/Titanium/modules/android/ti.map/2.3.6
[DEBUG]  Detected commonjs module: ti.cloud 3.2.10 @ /Users/jia/Library/Application Support/Titanium/modules/commonjs/ti.cloud/3.2.10
[DEBUG]  Detected iphone module: com.appcelerator.urlSession 2.0.0 @ /Users/jia/Library/Application Support/Titanium/modules/iphone/com.appcelerator.urlSession/2.0.0
[DEBUG]  Detected iphone module: facebook 5.0.1 @ /Users/jia/Library/Application Support/Titanium/modules/iphone/facebook/5.0.1
[DEBUG]  Detected iphone module: ti.coremotion 2.0.0 @ /Users/jia/Library/Application Support/Titanium/modules/iphone/ti.coremotion/2.0.0
[DEBUG]  Detected iphone module: ti.map 2.5.2 @ /Users/jia/Library/Application Support/Titanium/modules/iphone/ti.map/2.5.2
[DEBUG]  Detected iphone module: ti.safaridialog 1.0.5 @ /Users/jia/Library/Application Support/Titanium/modules/iphone/ti.safaridialog/1.0.5
[DEBUG]  Detected iphone module: ti.touchid 1.2.0 @ /Users/jia/Library/Application Support/Titanium/modules/iphone/ti.touchid/1.2.0
[DEBUG]  Looking for Titanium module id=ti.cloud version=latest platform=commonjs deploy-type=development
[INFO]   Found Titanium module id=ti.cloud version=3.2.10 platform=commonjs deploy-type=development path=/Users/jia/Library/Application Support/Titanium/modules/commonjs/ti.cloud/3.2.10
[DEBUG]  Looking for Titanium module id=ti.map version=latest platform=iphone deploy-type=development
[INFO]   Found Titanium module id=ti.map version=2.5.2 platform=iphone deploy-type=development path=/Users/jia/Library/Application Support/Titanium/modules/iphone/ti.map/2.5.2
[DEBUG]  Detecting plugins in /Users/jia/Documents/Appcelerator_Studio_Workspace/FGRapp1/plugins
[DEBUG]  Detected plugin: ti.alloy @ /Users/jia/Documents/Appcelerator_Studio_Workspace/FGRapp1/plugins/ti.alloy
[DEBUG]  Looking for Titanium plugin id=ti.alloy version=1.8.5
[INFO]   Found Titanium plugin id=ti.alloy version=1.8.5 
[TRACE]  Snapshotting build directory
[DEBUG]  Titanium SDK iOS directory: /Users/jia/Library/Application Support/Titanium/mobilesdk/osx/5.2.0.GA/iphone
[INFO]   Deploy type: development
[INFO]   Building for target: simulator
[INFO]   Building using iOS SDK: 8.4
[INFO]   Building for iOS Simulator: iPad 2
[DEBUG]  UDID: F489039B-8EE7-4F1F-A130-642E6AE1851B
[DEBUG]  Simulator type: ipad
[DEBUG]  Simulator version: 8.4
[INFO]   Building for device family: iphone
[DEBUG]  Setting Xcode target to Debug
[DEBUG]  Setting Xcode build OS to iphonesimulator
[DEBUG]  Xcode installation: /Applications/Xcode.app/Contents/Developer
[DEBUG]  iOS WWDR certificate: not found
[INFO]   Minimum iOS version: 7.1
[INFO]   Debugging enabled via debug host: localhost:56176
[INFO]   Profiler disabled
[INFO]   Set to copy files instead of symlinking
[INFO]   Initializing the build directory
[INFO]   Found Alloy app in /Users/jia/Documents/Appcelerator_Studio_Workspace/FGRapp1/app
[INFO]   Executing Alloy compile: /usr/local/bin/node /Users/jia/.appcelerator/install/5.2.0/package/node_modules/alloy/bin/alloy compile /Users/jia/Documents/Appcelerator_Studio_Workspace/FGRapp1/app --config platform=ios,version=0,simtype=none,devicefamily=iphone,deploytype=development,target=simulator --no-colors
[DEBUG]         .__  .__                
[DEBUG]  _____  |  | |  |   ____ ___.__.
[DEBUG]  \__  \ |  | |  |  /  _ <   |  |
[DEBUG]   / __ \|  |_|  |_(  <_> )___  |
[DEBUG]  (____  /____/____/\____// ____|
[DEBUG]       \/                 \/
[DEBUG]  Alloy 1.7.33 by Appcelerator. The MVC app framework for Titanium.
[DEBUG]  ----- CONFIGURATION -----
[DEBUG]  raw config = "platform=ios,version=0,simtype=none,devicefamily=iphone,deploytype=development,target=simulator"
[DEBUG]  platform = ios
[DEBUG]  version = 0
[DEBUG]  simtype = none
[DEBUG]  devicefamily = iphone
[DEBUG]  deploytype = development
[DEBUG]  target = simulator
[DEBUG]  project path = /Users/jia/Documents/Appcelerator_Studio_Workspace/FGRapp1
[DEBUG]  app path = /Users/jia/Documents/Appcelerator_Studio_Workspace/FGRapp1/app
[DEBUG]  
[DEBUG]  ----- CONFIG.JSON -----
[DEBUG]  dependencies = {}
[INFO]   [config.json] config.json unchanged, using cached config.json...
[DEBUG]  {
[DEBUG]  "dependencies": {},
[DEBUG]  "url": "https://www.cascade.org/DailyRides/rss.xml",
[DEBUG]  "sourcemap": true,
[DEBUG]  "autoStyle": false,
[DEBUG]  "adapters": [
[DEBUG]  "localStorage",
[DEBUG]  "properties",
[DEBUG]  "sql"
[DEBUG]  ]
[DEBUG]  }
[DEBUG]  
[DEBUG]  ----- CLEANING RESOURCES -----
[DEBUG]  Removing orphaned controllers ...
[DEBUG]  Removing orphaned models ...
[DEBUG]  Removing orphaned styles ...
[DEBUG]  Removing orphaned sync adapters...
[TRACE]  * iphone/alloy/sync/rss.js
[DEBUG]  Removing orphaned assets and libs...
[DEBUG]  
[DEBUG]  ----- BASE RUNTIME FILES -----
[TRACE]  SRC_DIR=/Users/jia/.appcelerator/install/5.2.0/package/node_modules/alloy/Alloy/lib
[TRACE]  Copying SRC_DIR/alloy/sync/sql.js --> Resources/iphone/alloy/sync/sql.js
[TRACE]  Copying SRC_DIR/alloy/sync/properties.js --> Resources/iphone/alloy/sync/properties.js
[TRACE]  Copying SRC_DIR/alloy/sync/localStorage.js --> Resources/iphone/alloy/sync/localStorage.js
[TRACE]  Copying SRC_DIR/alloy/controllers/BaseController.js --> Resources/iphone/alloy/controllers/BaseController.js
[TRACE]  Copying SRC_DIR/alloy/widget.js --> Resources/iphone/alloy/widget.js
[TRACE]  Copying SRC_DIR/alloy/underscore.js --> Resources/iphone/alloy/underscore.js
[TRACE]  
[TRACE]  Generating ../../../../../../Users/jia/Documents/Appcelerator_Studio_Workspace/FGRapp1/Resources/iphone/alloy.js
[TRACE]  SRC_DIR=/Users/jia/.appcelerator/install/5.2.0/package/node_modules/alloy/Alloy/common
[TRACE]  Copying SRC_DIR/constants.js --> Resources/iphone/alloy/constants.js
[TRACE]  
[TRACE]  SRC_DIR=/Users/jia/Documents/Appcelerator_Studio_Workspace/FGRapp1/app/assets
[TRACE]  
[TRACE]  SRC_DIR=/Users/jia/Documents/Appcelerator_Studio_Workspace/FGRapp1/app/lib
[TRACE]  Copying SRC_DIR/alloy/sync/rss.js --> Resources/iphone/alloy/sync/rss.js
[TRACE]  
[DEBUG]  
[INFO]   ----- MVC GENERATION -----
[INFO]   [global style] loading from cache...
[INFO]   [models/feed.js] model processing...
[INFO]   [about.xml] view processing...
[INFO]   style:      "about.tss"
[INFO]   view:       "about.xml"
[INFO]   controller: "about.js"
[TRACE]  - Processing "builtins" module...
[TRACE]  - Processing "optimizer" module...
[TRACE]  - Processing "compress" module...
[INFO]   created:    "Resources/iphone/alloy/controllers/about.js"
[DEBUG]  map:        "build/map/Resources/iphone/alloy/controllers/about.js.map"
[INFO]   created:     "Resources/iphone/alloy/styles/about.js"
[INFO]   [detail.xml] view processing...
[INFO]   style:      "detail.tss"
[INFO]   view:       "detail.xml"
[INFO]   controller: "detail.js"
[TRACE]  - Processing "builtins" module...
[TRACE]  - Processing "optimizer" module...
[TRACE]  - Processing "compress" module...
[INFO]   created:    "Resources/iphone/alloy/controllers/detail.js"
[DEBUG]  map:        "build/map/Resources/iphone/alloy/controllers/detail.js.map"
[INFO]   created:     "Resources/iphone/alloy/styles/detail.js"
[INFO]   [filter.xml] view processing...
[INFO]   style:      "filter.tss"
[INFO]   view:       "filter.xml"
[WARN]   ing: moment construction falls back to js Date. This is discouraged and will be removed in upcoming major release. Please refer to https://github.com/moment/moment/issues/1407 for more info.
[ERROR]  
[DEBUG]      at Function.<anonymous> (/Users/jia/.appcelerator/install/5.2.0/package/node_modules/alloy/node_modules/moment/moment.js:746:36)
[DEBUG]      at configFromString (/Users/jia/.appcelerator/install/5.2.0/package/node_modules/alloy/node_modules/moment/moment.js:826:32)
[DEBUG]      at configFromInput (/Users/jia/.appcelerator/install/5.2.0/package/node_modules/alloy/node_modules/moment/moment.js:1353:13)
[DEBUG]      at prepareConfig (/Users/jia/.appcelerator/install/5.2.0/package/node_modules/alloy/node_modules/moment/moment.js:1340:13)
[DEBUG]      at createFromConfig (/Users/jia/.appcelerator/install/5.2.0/package/node_modules/alloy/node_modules/moment/moment.js:1307:44)
[DEBUG]      at createLocalOrUTC (/Users/jia/.appcelerator/install/5.2.0/package/node_modules/alloy/node_modules/moment/moment.js:1385:16)
[DEBUG]      at local__createLocal (/Users/jia/.appcelerator/install/5.2.0/package/node_modules/alloy/node_modules/moment/moment.js:1389:16)
[DEBUG]      at utils_hooks__hooks (/Users/jia/.appcelerator/install/5.2.0/package/node_modules/alloy/node_modules/moment/moment.js:16:29)
[DEBUG]      at Object.exports.createDate (/Users/jia/.appcelerator/install/5.2.0/package/node_modules/alloy/Alloy/utils.js:572:26)
[DEBUG]      at processStyle (/Users/jia/.appcelerator/install/5.2.0/package/node_modules/alloy/Alloy/commands/compile/styler.js:364:17)
[DEBUG]      at Object.exports.processStyle (/Users/jia/.appcelerator/install/5.2.0/package/node_modules/alloy/Alloy/commands/compile/styler.js:420:2)
[DEBUG]      at Object.exports.generateStyleParams (/Users/jia/.appcelerator/install/5.2.0/package/node_modules/alloy/Alloy/commands/compile/styler.js:600:20)
[DEBUG]      at parse (/Users/jia/.appcelerator/install/5.2.0/package/node_modules/alloy/Alloy/commands/compile/parsers/default.js:132:19)
[DEBUG]      at Object.exports.parse (/Users/jia/.appcelerator/install/5.2.0/package/node_modules/alloy/Alloy/commands/compile/parsers/base.js:11:17)
[DEBUG]      at Object.exports.parse (/Users/jia/.appcelerator/install/5.2.0/package/node_modules/alloy/Alloy/commands/compile/parsers/default.js:10:27)
[DEBUG]      at parse (/Users/jia/.appcelerator/install/5.2.0/package/node_modules/alloy/Alloy/commands/compile/parsers/Ti.UI.Picker.js:72:31)
[DEBUG]      at Object.exports.parse (/Users/jia/.appcelerator/install/5.2.0/package/node_modules/alloy/Alloy/commands/compile/parsers/base.js:11:17)
[DEBUG]      at Object.exports.parse (/Users/jia/.appcelerator/install/5.2.0/package/node_modules/alloy/Alloy/commands/compile/parsers/Ti.UI.Picker.js:29:27)
[DEBUG]      at Object.exports.generateNode (/Users/jia/.appcelerator/install/5.2.0/package/node_modules/alloy/Alloy/commands/compile/compilerUtils.js:317:48)
[DEBUG]      at /Users/jia/.appcelerator/install/5.2.0/package/node_modules/alloy/Alloy/commands/compile/compilerUtils.js:401:29
[DEBUG]      at Array.forEach (native)
[DEBUG]      at Function._.each._.forEach (/Users/jia/.appcelerator/install/5.2.0/package/node_modules/alloy/Alloy/lib/alloy/underscore.js:79:11)
[DEBUG]      at Object.exports.generateNode (/Users/jia/.appcelerator/install/5.2.0/package/node_modules/alloy/Alloy/commands/compile/compilerUtils.js:392:5)
[DEBUG]      at /Users/jia/.appcelerator/install/5.2.0/package/node_modules/alloy/Alloy/commands/compile/compilerUtils.js:401:29
[DEBUG]      at Array.forEach (native)
[DEBUG]      at Function._.each._.forEach (/Users/jia/.appcelerator/install/5.2.0/package/node_modules/alloy/Alloy/lib/alloy/underscore.js:79:11)
[DEBUG]      at Object.exports.generateNode (/Users/jia/.appcelerator/install/5.2.0/package/node_modules/alloy/Alloy/commands/compile/compilerUtils.js:392:5)
[DEBUG]      at /Users/jia/.appcelerator/install/5.2.0/package/node_modules/alloy/Alloy/commands/compile/index.js:693:28
[DEBUG]      at Array.forEach (native)
[DEBUG]      at Function._.each._.forEach (/Users/jia/.appcelerator/install/5.2.0/package/node_modules/alloy/Alloy/lib/alloy/underscore.js:79:11)
[DEBUG]      at parseAlloyComponent (/Users/jia/.appcelerator/install/5.2.0/package/node_modules/alloy/Alloy/commands/compile/index.js:687:5)
[DEBUG]      at /Users/jia/.appcelerator/install/5.2.0/package/node_modules/alloy/Alloy/commands/compile/index.js:304:6
[DEBUG]      at Array.forEach (native)
[DEBUG]      at Function._.each._.forEach (/Users/jia/.appcelerator/install/5.2.0/package/node_modules/alloy/Alloy/lib/alloy/underscore.js:79:11)
[DEBUG]      at /Users/jia/.appcelerator/install/5.2.0/package/node_modules/alloy/Alloy/commands/compile/index.js:293:6
[DEBUG]      at Array.forEach (native)
[DEBUG]      at Function._.each._.forEach (/Users/jia/.appcelerator/install/5.2.0/package/node_modules/alloy/Alloy/lib/alloy/underscore.js:79:11)
[DEBUG]      at module.exports (/Users/jia/.appcelerator/install/5.2.0/package/node_modules/alloy/Alloy/commands/compile/index.js:289:4)
[DEBUG]      at Object.<anonymous> (/Users/jia/.appcelerator/install/5.2.0/package/node_modules/alloy/Alloy/alloy.js:113:46)
[DEBUG]      at Module._compile (module.js:460:26)
[DEBUG]      at Object.Module._extensions..js (module.js:478:10)
[DEBUG]      at Module.load (module.js:355:32)
[DEBUG]      at Function.Module._load (module.js:310:12)
[DEBUG]      at Module.require (module.js:365:17)
[DEBUG]      at require (module.js:384:17)
[DEBUG]      at Object.<anonymous> (/Users/jia/.appcelerator/install/5.2.0/package/node_modules/alloy/bin/alloy:3:1)
[DEBUG]      at Module._compile (module.js:460:26)
[DEBUG]      at Object.Module._extensions..js (module.js:478:10)
[DEBUG]      at Module.load (module.js:355:32)
[DEBUG]      at Function.Module._load (module.js:310:12)
[DEBUG]      at Function.Module.runMain (module.js:501:10)
[DEBUG]      at startup (node.js:129:16)
[DEBUG]      at node.js:814:3
[INFO]   controller: "filter.js"
[TRACE]  - Processing "builtins" module...
[TRACE]  - Processing "optimizer" module...
[TRACE]  - Processing "compress" module...
[INFO]   created:    "Resources/iphone/alloy/controllers/filter.js"
[DEBUG]  map:        "build/map/Resources/iphone/alloy/controllers/filter.js.map"
[INFO]   created:     "Resources/iphone/alloy/styles/filter.js"
[INFO]   [index.xml] view processing...
[INFO]   style:      "index.tss"
[INFO]   view:       "index.xml"
[INFO]   controller: "index.js"
[TRACE]  - Processing "builtins" module...
[TRACE]  - Processing "optimizer" module...
[TRACE]  - Processing "compress" module...
[INFO]   created:    "Resources/iphone/alloy/controllers/index.js"
[DEBUG]  map:        "build/map/Resources/iphone/alloy/controllers/index.js.map"
[INFO]   created:     "Resources/iphone/alloy/styles/index.js"
[INFO]   [list.xml] view processing...
[INFO]   style:      "list.tss"
[INFO]   view:       "list.xml"
[INFO]   controller: "list.js"
[TRACE]  - Processing "builtins" module...
[TRACE]  - Processing "optimizer" module...
[TRACE]  - Processing "compress" module...
[INFO]   created:    "Resources/iphone/alloy/controllers/list.js"
[DEBUG]  map:        "build/map/Resources/iphone/alloy/controllers/list.js.map"
[INFO]   created:     "Resources/iphone/alloy/styles/list.js"
[INFO]   [map.xml] view processing...
[INFO]   style:      "map.tss"
[INFO]   view:       "map.xml"
[INFO]   controller: "map.js"
[TRACE]  - Processing "builtins" module...
[TRACE]  - Processing "optimizer" module...
[TRACE]  - Processing "compress" module...
[INFO]   created:    "Resources/iphone/alloy/controllers/map.js"
[DEBUG]  map:        "build/map/Resources/iphone/alloy/controllers/map.js.map"
[INFO]   created:     "Resources/iphone/alloy/styles/map.js"
[INFO]   [sort.xml] view processing...
[INFO]   style:      "sort.tss"
[INFO]   view:       "sort.xml"
[INFO]   controller: "sort.js"
[TRACE]  - Processing "builtins" module...
[TRACE]  - Processing "optimizer" module...
[TRACE]  - Processing "compress" module...
[INFO]   created:    "Resources/iphone/alloy/controllers/sort.js"
[DEBUG]  map:        "build/map/Resources/iphone/alloy/controllers/sort.js.map"
[INFO]   created:     "Resources/iphone/alloy/styles/sort.js"
[INFO]   
[INFO]   
[INFO]   [app.js] using cached app.js...
[INFO]   
[INFO]   ----- OPTIMIZING -----
[INFO]   - alloy/moment.js
[TRACE]  processing "builtins" module...
[TRACE]  processing "optimizer" module...
[TRACE]  processing "compress" module...
[INFO]   - iphone/alloy.js
[TRACE]  processing "builtins" module...
[TRACE]  processing "optimizer" module...
[TRACE]  processing "compress" module...
[INFO]   - iphone/alloy/models/Feed.js
[TRACE]  processing "builtins" module...
[TRACE]  processing "optimizer" module...
[TRACE]  processing "compress" module...
[INFO]   - iphone/alloy/sync/localStorage.js
[TRACE]  processing "builtins" module...
[TRACE]  processing "optimizer" module...
[TRACE]  processing "compress" module...
[INFO]   - iphone/alloy/sync/properties.js
[TRACE]  processing "builtins" module...
[TRACE]  processing "optimizer" module...
[TRACE]  processing "compress" module...
[INFO]   - iphone/alloy/sync/rss.js
[TRACE]  processing "builtins" module...
[TRACE]  processing "optimizer" module...
[TRACE]  processing "compress" module...
[INFO]   - iphone/alloy/sync/sql.js
[TRACE]  processing "builtins" module...
[TRACE]  processing "optimizer" module...
[TRACE]  processing "compress" module...
[TRACE]  
[TRACE]  Benchmarking
[TRACE]  ------------
[TRACE]  [5.88043s] TOTAL
[INFO]   
[INFO]   Alloy compiled in 5.88043s
[INFO]   Alloy compiler completed successfully
[TRACE]  offline build file /var/folders/85/rj0yf4g145g8qzpp_9mgwkwr0000gq/T/build-e35c0cecf46bed57b51d47c862eeda8cbe4560ac.json
[TRACE]  online 1
[TRACE]  optimizing build, last build was 7521.341 sec ago
[INFO]   Creating Xcode project
[INFO]   LaunchScreen.storyboard is not supported with Xcode 6.4, removing from Xcode project
[TRACE]  Removing pre-compile phase
[TRACE]  Adding 1 native module library
[TRACE]  No extensions to add
[TRACE]  No change, skipping /Users/jia/Documents/Appcelerator_Studio_Workspace/FGRapp1/build/iphone/FGR_Cascade.xcodeproj/project.pbxproj
[INFO]   Creating Entitlements.plist
[TRACE]  No change, skipping /Users/jia/Documents/Appcelerator_Studio_Workspace/FGRapp1/build/iphone/FGR_Cascade.entitlements
[INFO]   Creating Info.plist
[DEBUG]  Checking for Splash Screen localization
[INFO]   Disabling ATS
[TRACE]  No change, skipping /Users/jia/Documents/Appcelerator_Studio_Workspace/FGRapp1/build/iphone/Info.plist
[INFO]   Creating main.m
[TRACE]  No change, skipping /Users/jia/Documents/Appcelerator_Studio_Workspace/FGRapp1/build/iphone/main.m
[INFO]   Creating Xcode config files
[TRACE]  No change, skipping /Users/jia/Documents/Appcelerator_Studio_Workspace/FGRapp1/build/iphone/project.xcconfig
[TRACE]  No change, skipping /Users/jia/Documents/Appcelerator_Studio_Workspace/FGRapp1/build/iphone/module.xcconfig
[INFO]   Copying Titanium libraries
[TRACE]  No change, skipping /Users/jia/Documents/Appcelerator_Studio_Workspace/FGRapp1/build/iphone/lib/libTiCore.a
[TRACE]  No change, skipping /Users/jia/Documents/Appcelerator_Studio_Workspace/FGRapp1/build/iphone/lib/libtiverify.a
[TRACE]  No change, skipping /Users/jia/Documents/Appcelerator_Studio_Workspace/FGRapp1/build/iphone/lib/libti_ios_debugger.a
[TRACE]  No change, skipping /Users/jia/Documents/Appcelerator_Studio_Workspace/FGRapp1/build/iphone/lib/libti_ios_profiler.a
[INFO]   Copying Titanium iOS files
[TRACE]  Skipping Classes/ApplicationRouting.m, it'll be processed later
[TRACE]  No change, skipping /Users/jia/Documents/Appcelerator_Studio_Workspace/FGRapp1/build/iphone/FGR_Cascade_Prefix.pch
[TRACE]  No change, skipping /Users/jia/Documents/Appcelerator_Studio_Workspace/FGRapp1/build/iphone/FGR_Cascade.xcodeproj/xcshareddata/xcschemes/FGR_Cascade.xcscheme
[INFO]   Creating debugger and profiler plists
[DEBUG]  Writing /Users/jia/Documents/Appcelerator_Studio_Workspace/FGRapp1/build/iphone/build/Products/Debug-iphonesimulator/FGR_Cascade.app/debugger.plist
[DEBUG]  Skipping /Users/jia/Documents/Appcelerator_Studio_Workspace/FGRapp1/build/iphone/build/Products/Debug-iphonesimulator/FGR_Cascade.app/profiler.plist
[INFO]   Analyzing Resources directory
[INFO]   Analyzing platform files
[INFO]   Analyzing module files
[INFO]   Analyzing localized launch images
[INFO]   Analyzing CommonJS modules
[INFO]   Creating asset catalog
[TRACE]  No change, skipping /Users/jia/Documents/Appcelerator_Studio_Workspace/FGRapp1/build/iphone/Assets.xcassets/Contents.json
[INFO]   Creating app icon set
[TRACE]  Found generated 58x58 app icon: /Users/jia/Documents/Appcelerator_Studio_Workspace/FGRapp1/build/iphone/Assets.xcassets/AppIcon.appiconset/appicon-Small@2x.png
[TRACE]  Found generated 87x87 app icon: /Users/jia/Documents/Appcelerator_Studio_Workspace/FGRapp1/build/iphone/Assets.xcassets/AppIcon.appiconset/appicon-Small@3x.png
[TRACE]  Found generated 80x80 app icon: /Users/jia/Documents/Appcelerator_Studio_Workspace/FGRapp1/build/iphone/Assets.xcassets/AppIcon.appiconset/appicon-Small-40@2x.png
[TRACE]  Found generated 120x120 app icon: /Users/jia/Documents/Appcelerator_Studio_Workspace/FGRapp1/build/iphone/Assets.xcassets/AppIcon.appiconset/appicon-Small-40@3x.png
[TRACE]  Found generated 120x120 app icon: /Users/jia/Documents/Appcelerator_Studio_Workspace/FGRapp1/build/iphone/Assets.xcassets/AppIcon.appiconset/appicon-60@2x.png
[TRACE]  Found generated 180x180 app icon: /Users/jia/Documents/Appcelerator_Studio_Workspace/FGRapp1/build/iphone/Assets.xcassets/AppIcon.appiconset/appicon-60@3x.png
[TRACE]  No change, skipping /Users/jia/Documents/Appcelerator_Studio_Workspace/FGRapp1/build/iphone/Assets.xcassets/AppIcon.appiconset/Contents.json
[INFO]   Creating launch image set
[DEBUG]  Skipping iPad launch image: Resources/iphone/Default-Landscape.png
[DEBUG]  Skipping iPad launch image: Resources/iphone/Default-Landscape@2x.png
[DEBUG]  Skipping iPad launch image: Resources/iphone/Default-Portrait.png
[DEBUG]  Skipping iPad launch image: Resources/iphone/Default-Portrait@2x.png
[DEBUG]  Unsupported launch image Resources/iphone/Default.png, skipping
[TRACE]  No change, skipping /Users/jia/Documents/Appcelerator_Studio_Workspace/FGRapp1/build/iphone/Assets.xcassets/LaunchImage.launchimage/Contents.json
[INFO]   App thinning disabled, skipping asset image sets
[DEBUG]  Copying resources
[TRACE]  No change, skipping /Users/jia/Documents/Appcelerator_Studio_Workspace/FGRapp1/build/iphone/Assets.xcassets/LaunchImage.launchimage/Default-568h@2x.png
[DEBUG]  Overwriting /Users/jia/Documents/Appcelerator_Studio_Workspace/FGRapp1/Resources/iphone/Default-568h@2x.png => /Users/jia/Documents/Appcelerator_Studio_Workspace/FGRapp1/build/iphone/Assets.xcassets/LaunchImage.launchimage/Default-568h@2x.png
[TRACE]  No change, skipping /Users/jia/Documents/Appcelerator_Studio_Workspace/FGRapp1/build/iphone/Assets.xcassets/LaunchImage.launchimage/Default-667h@2x.png
[DEBUG]  Overwriting /Users/jia/Documents/Appcelerator_Studio_Workspace/FGRapp1/Resources/iphone/Default-667h@2x.png => /Users/jia/Documents/Appcelerator_Studio_Workspace/FGRapp1/build/iphone/Assets.xcassets/LaunchImage.launchimage/Default-667h@2x.png
[TRACE]  No change, skipping /Users/jia/Documents/Appcelerator_Studio_Workspace/FGRapp1/build/iphone/Assets.xcassets/LaunchImage.launchimage/Default-Landscape-736h@3x.png
[DEBUG]  Overwriting /Users/jia/Documents/Appcelerator_Studio_Workspace/FGRapp1/Resources/iphone/Default-Landscape-736h@3x.png => /Users/jia/Documents/Appcelerator_Studio_Workspace/FGRapp1/build/iphone/Assets.xcassets/LaunchImage.launchimage/Default-Landscape-736h@3x.png
[TRACE]  No change, skipping /Users/jia/Documents/Appcelerator_Studio_Workspace/FGRapp1/build/iphone/Assets.xcassets/LaunchImage.launchimage/Default-Portrait-736h@3x.png
[DEBUG]  Overwriting /Users/jia/Documents/Appcelerator_Studio_Workspace/FGRapp1/Resources/iphone/Default-Portrait-736h@3x.png => /Users/jia/Documents/Appcelerator_Studio_Workspace/FGRapp1/build/iphone/Assets.xcassets/LaunchImage.launchimage/Default-Portrait-736h@3x.png
[TRACE]  No change, skipping /Users/jia/Documents/Appcelerator_Studio_Workspace/FGRapp1/build/iphone/Assets.xcassets/LaunchImage.launchimage/Default@2x.png
[DEBUG]  Overwriting /Users/jia/Documents/Appcelerator_Studio_Workspace/FGRapp1/Resources/iphone/Default@2x.png => /Users/jia/Documents/Appcelerator_Studio_Workspace/FGRapp1/build/iphone/Assets.xcassets/LaunchImage.launchimage/Default@2x.png
[DEBUG]  Copying CSS files
[INFO]   Processing JavaScript files
[DEBUG]  Overwriting /Users/jia/Documents/Appcelerator_Studio_Workspace/FGRapp1/Resources/alloy/CFG.js => /Users/jia/Documents/Appcelerator_Studio_Workspace/FGRapp1/build/iphone/build/Products/Debug-iphonesimulator/FGR_Cascade.app/alloy/CFG.js
[DEBUG]  Overwriting /Users/jia/Documents/Appcelerator_Studio_Workspace/FGRapp1/Resources/alloy/moment.js => /Users/jia/Documents/Appcelerator_Studio_Workspace/FGRapp1/build/iphone/build/Products/Debug-iphonesimulator/FGR_Cascade.app/alloy/moment.js
[DEBUG]  Overwriting /Users/jia/Documents/Appcelerator_Studio_Workspace/FGRapp1/Resources/iphone/app.js => /Users/jia/Documents/Appcelerator_Studio_Workspace/FGRapp1/build/iphone/build/Products/Debug-iphonesimulator/FGR_Cascade.app/app.js
[DEBUG]  Overwriting /Users/jia/Documents/Appcelerator_Studio_Workspace/FGRapp1/Resources/iphone/alloy/backbone.js => /Users/jia/Documents/Appcelerator_Studio_Workspace/FGRapp1/build/iphone/build/Products/Debug-iphonesimulator/FGR_Cascade.app/alloy/backbone.js
[DEBUG]  Overwriting /Users/jia/Documents/Appcelerator_Studio_Workspace/FGRapp1/Resources/iphone/alloy/constants.js => /Users/jia/Documents/Appcelerator_Studio_Workspace/FGRapp1/build/iphone/build/Products/Debug-iphonesimulator/FGR_Cascade.app/alloy/constants.js
[DEBUG]  Overwriting /Users/jia/Documents/Appcelerator_Studio_Workspace/FGRapp1/Resources/iphone/alloy/controllers/BaseController.js => /Users/jia/Documents/Appcelerator_Studio_Workspace/FGRapp1/build/iphone/build/Products/Debug-iphonesimulator/FGR_Cascade.app/alloy/controllers/BaseController.js
[DEBUG]  Overwriting /Users/jia/Documents/Appcelerator_Studio_Workspace/FGRapp1/Resources/iphone/alloy/controllers/about.js => /Users/jia/Documents/Appcelerator_Studio_Workspace/FGRapp1/build/iphone/build/Products/Debug-iphonesimulator/FGR_Cascade.app/alloy/controllers/about.js
[DEBUG]  Overwriting /Users/jia/Documents/Appcelerator_Studio_Workspace/FGRapp1/Resources/iphone/alloy/controllers/detail.js => /Users/jia/Documents/Appcelerator_Studio_Workspace/FGRapp1/build/iphone/build/Products/Debug-iphonesimulator/FGR_Cascade.app/alloy/controllers/detail.js
[DEBUG]  Overwriting /Users/jia/Documents/Appcelerator_Studio_Workspace/FGRapp1/Resources/iphone/alloy/controllers/filter.js => /Users/jia/Documents/Appcelerator_Studio_Workspace/FGRapp1/build/iphone/build/Products/Debug-iphonesimulator/FGR_Cascade.app/alloy/controllers/filter.js
[DEBUG]  Overwriting /Users/jia/Documents/Appcelerator_Studio_Workspace/FGRapp1/Resources/iphone/alloy/controllers/index.js => /Users/jia/Documents/Appcelerator_Studio_Workspace/FGRapp1/build/iphone/build/Products/Debug-iphonesimulator/FGR_Cascade.app/alloy/controllers/index.js
[DEBUG]  Overwriting /Users/jia/Documents/Appcelerator_Studio_Workspace/FGRapp1/Resources/iphone/alloy/controllers/list.js => /Users/jia/Documents/Appcelerator_Studio_Workspace/FGRapp1/build/iphone/build/Products/Debug-iphonesimulator/FGR_Cascade.app/alloy/controllers/list.js
[DEBUG]  Overwriting /Users/jia/Documents/Appcelerator_Studio_Workspace/FGRapp1/Resources/iphone/alloy/controllers/map.js => /Users/jia/Documents/Appcelerator_Studio_Workspace/FGRapp1/build/iphone/build/Products/Debug-iphonesimulator/FGR_Cascade.app/alloy/controllers/map.js
[DEBUG]  Overwriting /Users/jia/Documents/Appcelerator_Studio_Workspace/FGRapp1/Resources/iphone/alloy/controllers/sort.js => /Users/jia/Documents/Appcelerator_Studio_Workspace/FGRapp1/build/iphone/build/Products/Debug-iphonesimulator/FGR_Cascade.app/alloy/controllers/sort.js
[DEBUG]  Overwriting /Users/jia/Documents/Appcelerator_Studio_Workspace/FGRapp1/Resources/iphone/alloy/models/Feed.js => /Users/jia/Documents/Appcelerator_Studio_Workspace/FGRapp1/build/iphone/build/Products/Debug-iphonesimulator/FGR_Cascade.app/alloy/models/Feed.js
[DEBUG]  Overwriting /Users/jia/Documents/Appcelerator_Studio_Workspace/FGRapp1/Resources/iphone/alloy/styles/about.js => /Users/jia/Documents/Appcelerator_Studio_Workspace/FGRapp1/build/iphone/build/Products/Debug-iphonesimulator/FGR_Cascade.app/alloy/styles/about.js
[DEBUG]  Overwriting /Users/jia/Documents/Appcelerator_Studio_Workspace/FGRapp1/Resources/iphone/alloy/styles/detail.js => /Users/jia/Documents/Appcelerator_Studio_Workspace/FGRapp1/build/iphone/build/Products/Debug-iphonesimulator/FGR_Cascade.app/alloy/styles/detail.js
[DEBUG]  Overwriting /Users/jia/Documents/Appcelerator_Studio_Workspace/FGRapp1/Resources/iphone/alloy/styles/filter.js => /Users/jia/Documents/Appcelerator_Studio_Workspace/FGRapp1/build/iphone/build/Products/Debug-iphonesimulator/FGR_Cascade.app/alloy/styles/filter.js
[DEBUG]  Overwriting /Users/jia/Documents/Appcelerator_Studio_Workspace/FGRapp1/Resources/iphone/alloy/styles/index.js => /Users/jia/Documents/Appcelerator_Studio_Workspace/FGRapp1/build/iphone/build/Products/Debug-iphonesimulator/FGR_Cascade.app/alloy/styles/index.js
[DEBUG]  Overwriting /Users/jia/Documents/Appcelerator_Studio_Workspace/FGRapp1/Resources/iphone/alloy/styles/list.js => /Users/jia/Documents/Appcelerator_Studio_Workspace/FGRapp1/build/iphone/build/Products/Debug-iphonesimulator/FGR_Cascade.app/alloy/styles/list.js
[DEBUG]  Overwriting /Users/jia/Documents/Appcelerator_Studio_Workspace/FGRapp1/Resources/iphone/alloy/styles/map.js => /Users/jia/Documents/Appcelerator_Studio_Workspace/FGRapp1/build/iphone/build/Products/Debug-iphonesimulator/FGR_Cascade.app/alloy/styles/map.js
[DEBUG]  Overwriting /Users/jia/Documents/Appcelerator_Studio_Workspace/FGRapp1/Resources/iphone/alloy/styles/sort.js => /Users/jia/Documents/Appcelerator_Studio_Workspace/FGRapp1/build/iphone/build/Products/Debug-iphonesimulator/FGR_Cascade.app/alloy/styles/sort.js
[DEBUG]  Overwriting /Users/jia/Documents/Appcelerator_Studio_Workspace/FGRapp1/Resources/iphone/alloy/sync/localStorage.js => /Users/jia/Documents/Appcelerator_Studio_Workspace/FGRapp1/build/iphone/build/Products/Debug-iphonesimulator/FGR_Cascade.app/alloy/sync/localStorage.js
[DEBUG]  Overwriting /Users/jia/Documents/Appcelerator_Studio_Workspace/FGRapp1/Resources/iphone/alloy/sync/properties.js => /Users/jia/Documents/Appcelerator_Studio_Workspace/FGRapp1/build/iphone/build/Products/Debug-iphonesimulator/FGR_Cascade.app/alloy/sync/properties.js
[DEBUG]  Overwriting /Users/jia/Documents/Appcelerator_Studio_Workspace/FGRapp1/Resources/iphone/alloy/sync/rss.js => /Users/jia/Documents/Appcelerator_Studio_Workspace/FGRapp1/build/iphone/build/Products/Debug-iphonesimulator/FGR_Cascade.app/alloy/sync/rss.js
[DEBUG]  Overwriting /Users/jia/Documents/Appcelerator_Studio_Workspace/FGRapp1/Resources/iphone/alloy/sync/sql.js => /Users/jia/Documents/Appcelerator_Studio_Workspace/FGRapp1/build/iphone/build/Products/Debug-iphonesimulator/FGR_Cascade.app/alloy/sync/sql.js
[DEBUG]  Overwriting /Users/jia/Documents/Appcelerator_Studio_Workspace/FGRapp1/Resources/iphone/alloy/underscore.js => /Users/jia/Documents/Appcelerator_Studio_Workspace/FGRapp1/build/iphone/build/Products/Debug-iphonesimulator/FGR_Cascade.app/alloy/underscore.js
[DEBUG]  Overwriting /Users/jia/Documents/Appcelerator_Studio_Workspace/FGRapp1/Resources/iphone/alloy/widget.js => /Users/jia/Documents/Appcelerator_Studio_Workspace/FGRapp1/build/iphone/build/Products/Debug-iphonesimulator/FGR_Cascade.app/alloy/widget.js
[DEBUG]  Overwriting /Users/jia/Documents/Appcelerator_Studio_Workspace/FGRapp1/Resources/iphone/alloy.js => /Users/jia/Documents/Appcelerator_Studio_Workspace/FGRapp1/build/iphone/build/Products/Debug-iphonesimulator/FGR_Cascade.app/alloy.js
[DEBUG]  Overwriting /Users/jia/Library/Application Support/Titanium/modules/commonjs/ti.cloud/3.2.10/ti.cloud.js => /Users/jia/Documents/Appcelerator_Studio_Workspace/FGRapp1/build/iphone/build/Products/Debug-iphonesimulator/FGR_Cascade.app/ti.cloud.js
[INFO]   Writing app properties
[TRACE]  No change, skipping /Users/jia/Documents/Appcelerator_Studio_Workspace/FGRapp1/build/iphone/build/Products/Debug-iphonesimulator/FGR_Cascade.app/_app_props_.json
[DEBUG]  Using default application routing
[TRACE]  No change, skipping /Users/jia/Documents/Appcelerator_Studio_Workspace/FGRapp1/build/iphone/Classes/ApplicationRouting.m
[INFO]   Writing i18n files
[DEBUG]  Compiling localization files
[DEBUG]  No i18n files to process
[INFO]   Processing Titanium symbols
[DEBUG]  Processing Titanium namespace resources
[TRACE]  No change, skipping /Users/jia/Documents/Appcelerator_Studio_Workspace/FGRapp1/build/iphone/build/Products/Debug-iphonesimulator/FGR_Cascade.app/modules/ui/images/badge.png
[TRACE]  No change, skipping /Users/jia/Documents/Appcelerator_Studio_Workspace/FGRapp1/build/iphone/build/Products/Debug-iphonesimulator/FGR_Cascade.app/modules/ui/images/closeButton.png
[TRACE]  No change, skipping /Users/jia/Documents/Appcelerator_Studio_Workspace/FGRapp1/build/iphone/build/Products/Debug-iphonesimulator/FGR_Cascade.app/modules/ui/images/photoDefault.png
[TRACE]  No change, skipping /Users/jia/Documents/Appcelerator_Studio_Workspace/FGRapp1/build/iphone/Classes/defines.h
[INFO]   Removing files
[DEBUG]  Removing empty directories
[INFO]   Skipping xcodebuild
[INFO]   Finished building the application in 29s 203ms
[INFO]   Launching iOS Simulator
[TRACE]  [ioslib] Selected iOS Simulator: iPad 2
[TRACE]  [ioslib]   UDID    = F489039B-8EE7-4F1F-A130-642E6AE1851B
[TRACE]  [ioslib]   iOS     = 8.4
[TRACE]  [ioslib] Autoselected Xcode: 6.4
[TRACE]  [ioslib] iPad 2 Simulator is running, but not in a booted state, stopping simulator
[TRACE]  [ioslib] Tailing iPad 2 Simulator system log: /Users/jia/Library/Logs/CoreSimulator/F489039B-8EE7-4F1F-A130-642E6AE1851B/system.log
[TRACE]  [ioslib] Running: /Applications/Xcode.app/Contents/Developer/usr/bin/simctl shutdown F489039B-8EE7-4F1F-A130-642E6AE1851B
[TRACE]  [ioslib] iPad 2 Simulator was already shutdown
[TRACE]  [ioslib] Running: /Applications/Xcode.app/Contents/Developer/Applications/iOS Simulator.app/Contents/MacOS/iOS Simulator -CurrentDeviceUDID F489039B-8EE7-4F1F-A130-642E6AE1851B
[TRACE]  [ioslib] iPad 2 Simulator started
[TRACE]  [ioslib] Running: osascript "/Users/jia/Library/Application Support/Titanium/mobilesdk/osx/5.2.0.GA/node_modules/ioslib/lib/sim_focus.scpt" "iOS Simulator" "Disabled"
[TRACE]  [ioslib] iPad 2 Simulator successfully focused
[TRACE]  [ioslib] Running: /Applications/Xcode.app/Contents/Developer/usr/bin/simctl install F489039B-8EE7-4F1F-A130-642E6AE1851B /Users/jia/Documents/Appcelerator_Studio_Workspace/FGRapp1/build/iphone/build/Products/Debug-iphonesimulator/FGR_Cascade.app
[TRACE]  [ioslib] App installed
[TRACE]  [ioslib] Running: /Applications/Xcode.app/Contents/Developer/usr/bin/simctl launch F489039B-8EE7-4F1F-A130-642E6AE1851B edu.uw.titaniumpanda.FGRCascade
[TRACE]  [ioslib] App launched
[TRACE]  [ioslib] Detected crash file: /Users/jia/Library/Logs/DiagnosticReports/FGR_Cascade_2016-04-13-212850_Kendra-Gritschs-MacBook.crash